-------------------------------------------------------------------------------
Test set: in.soundaryabavanasi.soundbricks.TestCreateUser
-------------------------------------------------------------------------------
Tests run: 8, Failures: 1, Errors: 0, Skipped: 0, Time elapsed: 0.035 s <<< FAILURE! - in in.soundaryabavanasi.soundbricks.TestCreateUser
in.soundaryabavanasi.soundbricks.TestCreateUser.testCreateUserWithValidInput()  Time elapsed: 0.024 s  <<< FAILURE!
org.opentest4j.AssertionFailedError: 
Unexpected exception thrown: java.lang.Error: Unresolved compilation problems: 
	user cannot be resolved to a variable
	conn cannot be resolved to a variable
	ps cannot be resolved to a variable
	conn cannot be resolved
	ps cannot be resolved
	userId cannot be resolved to a variable
	rs cannot be resolved to a variable
	ps cannot be resolved
	rs cannot be resolved
	user cannot be resolved to a variable
	user cannot be resolved
	rs cannot be resolved
	user cannot be resolved
	rs cannot be resolved
	user cannot be resolved
	rs cannot be resolved
	user cannot be resolved
	rs cannot be resolved
	user cannot be resolved
	rs cannot be resolved
	user cannot be resolved
	rs cannot be resolved
	Syntax error on token "catch", Identifier expected
	Syntax error on token "finally", { expected
	conn cannot be resolved to a variable
	ps cannot be resolved to a variable
	rs cannot be resolved to a variable
	Syntax error on token "}", delete this token
	Syntax error on token "void", record expected
	Syntax error, insert "}" to complete ClassBody

	at org.junit.jupiter.api.AssertDoesNotThrow.createAssertionFailedError(AssertDoesNotThrow.java:83)
	at org.junit.jupiter.api.AssertDoesNotThrow.assertDoesNotThrow(AssertDoesNotThrow.java:54)
	at org.junit.jupiter.api.AssertDoesNotThrow.assertDoesNotThrow(AssertDoesNotThrow.java:37)
	at org.junit.jupiter.api.Assertions.assertDoesNotThrow(Assertions.java:3135)
	at in.soundaryabavanasi.soundbricks.TestCreateUser.testCreateUserWithValidInput(TestCreateUser.java:25)
Caused by: java.lang.Error: Unresolved compilation problems: 
	user cannot be resolved to a variable
	conn cannot be resolved to a variable
	ps cannot be resolved to a variable
	conn cannot be resolved
	ps cannot be resolved
	userId cannot be resolved to a variable
	rs cannot be resolved to a variable
	ps cannot be resolved
	rs cannot be resolved
	user cannot be resolved to a variable
	user cannot be resolved
	rs cannot be resolved
	user cannot be resolved
	rs cannot be resolved
	user cannot be resolved
	rs cannot be resolved
	user cannot be resolved
	rs cannot be resolved
	user cannot be resolved
	rs cannot be resolved
	user cannot be resolved
	rs cannot be resolved
	Syntax error on token "catch", Identifier expected
	Syntax error on token "finally", { expected
	conn cannot be resolved to a variable
	ps cannot be resolved to a variable
	rs cannot be resolved to a variable
	Syntax error on token "}", delete this token
	Syntax error on token "void", record expected
	Syntax error, insert "}" to complete ClassBody

	at in.soundaryabavanasi.soundbricks.dao.UserDAO.<init>(UserDAO.java:135)
	at in.soundaryabavanasi.soundbricks.userservice.UserService.create(UserService.java:16)
	at in.soundaryabavanasi.soundbricks.TestCreateUser.lambda$testCreateUserWithValidInput$0(TestCreateUser.java:26)
	at org.junit.jupiter.api.AssertDoesNotThrow.assertDoesNotThrow(AssertDoesNotThrow.java:50)
	... 16 more

