<?xml version="1.0" encoding="UTF-8"?>
<testsuite xmlns:xsi="http://www.w3.org/2001/XMLSchema-instance" xsi:noNamespaceSchemaLocation="https://maven.apache.org/surefire/maven-surefire-plugin/xsd/surefire-test-report.xsd" name="in.soundaryabavanasi.soundbricks.TestCreateUser" time="0.013" tests="8" errors="0" skipped="0" failures="0">
  <properties>
[...]
</properties>
  <testcase name="in.soundaryabavanasi.soundbricks.TestCreateUser.testCreateUserWithEmailNull" classname="in.soundaryabavanasi.soundbricks.TestCreateUser" time="0.002"/>
  <testcase name="in.soundaryabavanasi.soundbricks.TestCreateUser.testCreateUserWithPasswordEmpty" classname="in.soundaryabavanasi.soundbricks.TestCreateUser" time="0"/>
  <testcase name="in.soundaryabavanasi.soundbricks.TestCreateUser.testCreateUserWithEmailEmpty" classname="in.soundaryabavanasi.soundbricks.TestCreateUser" time="0"/>
  <testcase name="in.soundaryabavanasi.soundbricks.TestCreateUser.testCreateUserWithFirstNameNull" classname="in.soundaryabavanasi.soundbricks.TestCreateUser" time="0.001"/>
  <testcase name="in.soundaryabavanasi.soundbricks.TestCreateUser.testCreateUserWithFirstNameEmpty" classname="in.soundaryabavanasi.soundbricks.TestCreateUser" time="0"/>
  <testcase name="in.soundaryabavanasi.soundbricks.TestCreateUser.testCreateUserWithPasswordNull" classname="in.soundaryabavanasi.soundbricks.TestCreateUser" time="0.001"/>
  <testcase name="in.soundaryabavanasi.soundbricks.TestCreateUser.testCreateUserWithInvalidInput" classname="in.soundaryabavanasi.soundbricks.TestCreateUser" time="0.001"/>
  <testcase name="in.soundaryabavanasi.soundbricks.TestCreateUser.testCreateUserWithValidInput" classname="in.soundaryabavanasi.soundbricks.TestCreateUser" time="0.004"/>
</testsuite>